  [1m[36m (95.2ms)[0m  [1mCREATE TABLE "schema_migrations" ("version" varchar NOT NULL) [0m
  [1m[35m (0.0ms)[0m  select sqlite_version(*)
  [1m[36m (63.0ms)[0m  [1mCREATE UNIQUE INDEX "unique_schema_migrations" ON "schema_migrations" ("version")[0m
  [1m[35mActiveRecord::SchemaMigration Load (0.0ms)[0m  SELECT "schema_migrations".* FROM "schema_migrations"
Migrating to CreatePosts (20150328153415)
  [1m[36m (0.0ms)[0m  [1mbegin transaction[0m
  [1m[35m (0.0ms)[0m  CREATE TABLE "posts" ("id" INTEGER PRIMARY KEY AUTOINCREMENT NOT NULL, "title" varchar, "body" text, "created_at" datetime NOT NULL, "updated_at" datetime NOT NULL) 
  [1m[36mSQL (0.0ms)[0m  [1mINSERT INTO "schema_migrations" ("version") VALUES (?)[0m  [["version", "20150328153415"]]
  [1m[35m (77.7ms)[0m  commit transaction
Migrating to CreateComments (20150328153500)
  [1m[36m (0.0ms)[0m  [1mbegin transaction[0m
  [1m[35m (0.0ms)[0m  CREATE TABLE "comments" ("id" INTEGER PRIMARY KEY AUTOINCREMENT NOT NULL, "post_id" integer, "body" text, "created_at" datetime NOT NULL, "updated_at" datetime NOT NULL) 
  [1m[36mSQL (0.0ms)[0m  [1mINSERT INTO "schema_migrations" ("version") VALUES (?)[0m  [["version", "20150328153500"]]
  [1m[35m (47.4ms)[0m  commit transaction
  [1m[36mActiveRecord::SchemaMigration Load (0.0ms)[0m  [1mSELECT "schema_migrations".* FROM "schema_migrations"[0m
  [1m[36mPost Load (2.0ms)[0m  [1mSELECT "posts".* FROM "posts"[0m
  [1m[35mPost Load (1.0ms)[0m  SELECT "posts".* FROM "posts"
  [1m[36mComment Load (0.0ms)[0m  [1mSELECT "comments".* FROM "comments"[0m
  [1m[35m (0.0ms)[0m  begin transaction
  [1m[36mSQL (0.0ms)[0m  [1mINSERT INTO "posts" ("title", "body", "created_at", "updated_at") VALUES (?, ?, ?, ?)[0m  [["title", "Title"], ["body", "Body Text"], ["created_at", "2015-03-28 17:47:08.651655"], ["updated_at", "2015-03-28 17:47:08.651655"]]
  [1m[35m (62.5ms)[0m  commit transaction
  [1m[36mPost Load (0.0ms)[0m  [1mSELECT  "posts".* FROM "posts"  ORDER BY "posts"."id" ASC LIMIT 1[0m


Started GET "/posts" for 127.0.0.1 at 2015-03-28 12:50:22 -0500
  [1m[36mActiveRecord::SchemaMigration Load (0.0ms)[0m  [1mSELECT "schema_migrations".* FROM "schema_migrations"[0m
Processing by PostsController#index as HTML
  [1m[35mPost Load (0.0ms)[0m  SELECT "posts".* FROM "posts"
  Rendered posts/index.html.erb within layouts/application (8.8ms)
Completed 500 Internal Server Error in 4420ms (ActiveRecord: 0.0ms)

ActionView::Template::Error (TypeError: Object doesn't support this property or method
  (in C:/Ruby/lib/ruby/gems/2.1.0/gems/turbolinks-2.5.3/lib/assets/javascripts/turbolinks.js.coffee)):
    3: <head>
    4:   <title>Blog</title>
    5:   <%= stylesheet_link_tag    'application', media: 'all', 'data-turbolinks-track' => true %>
    6:   <%= javascript_include_tag 'application', 'data-turbolinks-track' => true %>
    7:   <%= csrf_meta_tags %>
    8: </head>
    9: <body>
  app/views/layouts/application.html.erb:6:in `_app_views_layouts_application_html_erb___455248635_73501480'


  Rendered C:/Ruby/lib/ruby/gems/2.1.0/gems/actionpack-4.2.1/lib/action_dispatch/middleware/templates/rescues/_source.erb (1.0ms)
  Rendered C:/Ruby/lib/ruby/gems/2.1.0/gems/actionpack-4.2.1/lib/action_dispatch/middleware/templates/rescues/_trace.html.erb (5.9ms)
  Rendered C:/Ruby/lib/ruby/gems/2.1.0/gems/actionpack-4.2.1/lib/action_dispatch/middleware/templates/rescues/_request_and_response.html.erb (1.0ms)
  Rendered C:/Ruby/lib/ruby/gems/2.1.0/gems/actionpack-4.2.1/lib/action_dispatch/middleware/templates/rescues/template_error.html.erb within rescues/layout (222.7ms)
  Rendered C:/Ruby/lib/ruby/gems/2.1.0/gems/web-console-2.1.2/lib/web_console/templates/_markup.html.erb (0.0ms)
  Rendered C:/Ruby/lib/ruby/gems/2.1.0/gems/web-console-2.1.2/lib/web_console/templates/style.css.erb within layouts/inlined_string (0.0ms)
  Rendered C:/Ruby/lib/ruby/gems/2.1.0/gems/web-console-2.1.2/lib/web_console/templates/_inner_console_markup.html.erb within layouts/inlined_string (0.0ms)
  Rendered C:/Ruby/lib/ruby/gems/2.1.0/gems/web-console-2.1.2/lib/web_console/templates/_prompt_box_markup.html.erb within layouts/inlined_string (0.0ms)
  Rendered C:/Ruby/lib/ruby/gems/2.1.0/gems/web-console-2.1.2/lib/web_console/templates/console.js.erb within layouts/javascript (53.7ms)
  Rendered C:/Ruby/lib/ruby/gems/2.1.0/gems/web-console-2.1.2/lib/web_console/templates/main.js.erb within layouts/javascript (0.0ms)
  Rendered C:/Ruby/lib/ruby/gems/2.1.0/gems/web-console-2.1.2/lib/web_console/templates/error_page.js.erb within layouts/javascript (1.0ms)
  Rendered C:/Ruby/lib/ruby/gems/2.1.0/gems/web-console-2.1.2/lib/web_console/templates/index.html.erb (212.9ms)


Started GET "/" for 127.0.0.1 at 2015-03-28 12:50:47 -0500
Processing by Rails::WelcomeController#index as HTML
  Rendered C:/Ruby/lib/ruby/gems/2.1.0/gems/railties-4.2.1/lib/rails/templates/rails/welcome/index.html.erb (1.0ms)
Completed 200 OK in 2ms (Views: 2.0ms | ActiveRecord: 0.0ms)


Started GET "/posts" for 127.0.0.1 at 2015-03-28 12:51:08 -0500
Processing by PostsController#index as HTML
  [1m[36mPost Load (0.0ms)[0m  [1mSELECT "posts".* FROM "posts"[0m
  Rendered posts/index.html.erb within layouts/application (2.0ms)
Completed 500 Internal Server Error in 2726ms (ActiveRecord: 0.0ms)

ActionView::Template::Error (TypeError: Object doesn't support this property or method
  (in C:/Ruby/lib/ruby/gems/2.1.0/gems/turbolinks-2.5.3/lib/assets/javascripts/turbolinks.js.coffee)):
    3: <head>
    4:   <title>Blog</title>
    5:   <%= stylesheet_link_tag    'application', media: 'all', 'data-turbolinks-track' => true %>
    6:   <%= javascript_include_tag 'application', 'data-turbolinks-track' => true %>
    7:   <%= csrf_meta_tags %>
    8: </head>
    9: <body>
  app/views/layouts/application.html.erb:6:in `_app_views_layouts_application_html_erb___455248635_73501480'


  Rendered C:/Ruby/lib/ruby/gems/2.1.0/gems/actionpack-4.2.1/lib/action_dispatch/middleware/templates/rescues/_source.erb (0.0ms)
  Rendered C:/Ruby/lib/ruby/gems/2.1.0/gems/actionpack-4.2.1/lib/action_dispatch/middleware/templates/rescues/_trace.html.erb (4.9ms)
  Rendered C:/Ruby/lib/ruby/gems/2.1.0/gems/actionpack-4.2.1/lib/action_dispatch/middleware/templates/rescues/_request_and_response.html.erb (1.0ms)
  Rendered C:/Ruby/lib/ruby/gems/2.1.0/gems/actionpack-4.2.1/lib/action_dispatch/middleware/templates/rescues/template_error.html.erb within rescues/layout (29.3ms)
  Rendered C:/Ruby/lib/ruby/gems/2.1.0/gems/web-console-2.1.2/lib/web_console/templates/_markup.html.erb (0.0ms)
  Rendered C:/Ruby/lib/ruby/gems/2.1.0/gems/web-console-2.1.2/lib/web_console/templates/style.css.erb within layouts/inlined_string (0.0ms)
  Rendered C:/Ruby/lib/ruby/gems/2.1.0/gems/web-console-2.1.2/lib/web_console/templates/_inner_console_markup.html.erb within layouts/inlined_string (0.0ms)
  Rendered C:/Ruby/lib/ruby/gems/2.1.0/gems/web-console-2.1.2/lib/web_console/templates/_prompt_box_markup.html.erb within layouts/inlined_string (0.0ms)
  Rendered C:/Ruby/lib/ruby/gems/2.1.0/gems/web-console-2.1.2/lib/web_console/templates/console.js.erb within layouts/javascript (25.4ms)
  Rendered C:/Ruby/lib/ruby/gems/2.1.0/gems/web-console-2.1.2/lib/web_console/templates/main.js.erb within layouts/javascript (0.0ms)
  Rendered C:/Ruby/lib/ruby/gems/2.1.0/gems/web-console-2.1.2/lib/web_console/templates/error_page.js.erb within layouts/javascript (1.0ms)
  Rendered C:/Ruby/lib/ruby/gems/2.1.0/gems/web-console-2.1.2/lib/web_console/templates/index.html.erb (56.6ms)


Started GET "/comments" for 127.0.0.1 at 2015-03-28 12:51:16 -0500
Processing by CommentsController#index as HTML
  [1m[35mComment Load (0.0ms)[0m  SELECT "comments".* FROM "comments"
  Rendered comments/index.html.erb within layouts/application (2.0ms)
Completed 500 Internal Server Error in 2744ms (ActiveRecord: 0.0ms)

ActionView::Template::Error (TypeError: Object doesn't support this property or method
  (in C:/Ruby/lib/ruby/gems/2.1.0/gems/turbolinks-2.5.3/lib/assets/javascripts/turbolinks.js.coffee)):
    3: <head>
    4:   <title>Blog</title>
    5:   <%= stylesheet_link_tag    'application', media: 'all', 'data-turbolinks-track' => true %>
    6:   <%= javascript_include_tag 'application', 'data-turbolinks-track' => true %>
    7:   <%= csrf_meta_tags %>
    8: </head>
    9: <body>
  app/views/layouts/application.html.erb:6:in `_app_views_layouts_application_html_erb___455248635_73501480'


  Rendered C:/Ruby/lib/ruby/gems/2.1.0/gems/actionpack-4.2.1/lib/action_dispatch/middleware/templates/rescues/_source.erb (0.0ms)
  Rendered C:/Ruby/lib/ruby/gems/2.1.0/gems/actionpack-4.2.1/lib/action_dispatch/middleware/templates/rescues/_trace.html.erb (4.9ms)
  Rendered C:/Ruby/lib/ruby/gems/2.1.0/gems/actionpack-4.2.1/lib/action_dispatch/middleware/templates/rescues/_request_and_response.html.erb (1.0ms)
  Rendered C:/Ruby/lib/ruby/gems/2.1.0/gems/actionpack-4.2.1/lib/action_dispatch/middleware/templates/rescues/template_error.html.erb within rescues/layout (29.3ms)
  Rendered C:/Ruby/lib/ruby/gems/2.1.0/gems/web-console-2.1.2/lib/web_console/templates/_markup.html.erb (0.0ms)
  Rendered C:/Ruby/lib/ruby/gems/2.1.0/gems/web-console-2.1.2/lib/web_console/templates/style.css.erb within layouts/inlined_string (1.0ms)
  Rendered C:/Ruby/lib/ruby/gems/2.1.0/gems/web-console-2.1.2/lib/web_console/templates/_inner_console_markup.html.erb within layouts/inlined_string (0.0ms)
  Rendered C:/Ruby/lib/ruby/gems/2.1.0/gems/web-console-2.1.2/lib/web_console/templates/_prompt_box_markup.html.erb within layouts/inlined_string (0.0ms)
  Rendered C:/Ruby/lib/ruby/gems/2.1.0/gems/web-console-2.1.2/lib/web_console/templates/console.js.erb within layouts/javascript (26.4ms)
  Rendered C:/Ruby/lib/ruby/gems/2.1.0/gems/web-console-2.1.2/lib/web_console/templates/main.js.erb within layouts/javascript (0.0ms)
  Rendered C:/Ruby/lib/ruby/gems/2.1.0/gems/web-console-2.1.2/lib/web_console/templates/error_page.js.erb within layouts/javascript (0.0ms)
  Rendered C:/Ruby/lib/ruby/gems/2.1.0/gems/web-console-2.1.2/lib/web_console/templates/index.html.erb (57.6ms)


Started GET "/posts/1" for 127.0.0.1 at 2015-03-28 12:51:34 -0500
Processing by PostsController#show as HTML
  Parameters: {"id"=>"1"}
  [1m[36mPost Load (1.0ms)[0m  [1mSELECT  "posts".* FROM "posts" WHERE "posts"."id" = ? LIMIT 1[0m  [["id", 1]]
  Rendered posts/show.html.erb within layouts/application (1.0ms)
Completed 500 Internal Server Error in 2843ms (ActiveRecord: 1.0ms)

ActionView::Template::Error (TypeError: Object doesn't support this property or method
  (in C:/Ruby/lib/ruby/gems/2.1.0/gems/turbolinks-2.5.3/lib/assets/javascripts/turbolinks.js.coffee)):
    3: <head>
    4:   <title>Blog</title>
    5:   <%= stylesheet_link_tag    'application', media: 'all', 'data-turbolinks-track' => true %>
    6:   <%= javascript_include_tag 'application', 'data-turbolinks-track' => true %>
    7:   <%= csrf_meta_tags %>
    8: </head>
    9: <body>
  app/views/layouts/application.html.erb:6:in `_app_views_layouts_application_html_erb___455248635_73501480'


  Rendered C:/Ruby/lib/ruby/gems/2.1.0/gems/actionpack-4.2.1/lib/action_dispatch/middleware/templates/rescues/_source.erb (1.0ms)
  Rendered C:/Ruby/lib/ruby/gems/2.1.0/gems/actionpack-4.2.1/lib/action_dispatch/middleware/templates/rescues/_trace.html.erb (5.9ms)
  Rendered C:/Ruby/lib/ruby/gems/2.1.0/gems/actionpack-4.2.1/lib/action_dispatch/middleware/templates/rescues/_request_and_response.html.erb (0.0ms)
  Rendered C:/Ruby/lib/ruby/gems/2.1.0/gems/actionpack-4.2.1/lib/action_dispatch/middleware/templates/rescues/template_error.html.erb within rescues/layout (34.2ms)
  Rendered C:/Ruby/lib/ruby/gems/2.1.0/gems/web-console-2.1.2/lib/web_console/templates/_markup.html.erb (0.0ms)
  Rendered C:/Ruby/lib/ruby/gems/2.1.0/gems/web-console-2.1.2/lib/web_console/templates/style.css.erb within layouts/inlined_string (0.0ms)
  Rendered C:/Ruby/lib/ruby/gems/2.1.0/gems/web-console-2.1.2/lib/web_console/templates/_inner_console_markup.html.erb within layouts/inlined_string (0.0ms)
  Rendered C:/Ruby/lib/ruby/gems/2.1.0/gems/web-console-2.1.2/lib/web_console/templates/_prompt_box_markup.html.erb within layouts/inlined_string (0.0ms)
  Rendered C:/Ruby/lib/ruby/gems/2.1.0/gems/web-console-2.1.2/lib/web_console/templates/console.js.erb within layouts/javascript (25.4ms)
  Rendered C:/Ruby/lib/ruby/gems/2.1.0/gems/web-console-2.1.2/lib/web_console/templates/main.js.erb within layouts/javascript (1.0ms)
  Rendered C:/Ruby/lib/ruby/gems/2.1.0/gems/web-console-2.1.2/lib/web_console/templates/error_page.js.erb within layouts/javascript (0.0ms)
  Rendered C:/Ruby/lib/ruby/gems/2.1.0/gems/web-console-2.1.2/lib/web_console/templates/index.html.erb (56.7ms)


Started GET "/" for 127.0.0.1 at 2015-03-28 12:55:31 -0500
  [1m[36mActiveRecord::SchemaMigration Load (0.0ms)[0m  [1mSELECT "schema_migrations".* FROM "schema_migrations"[0m
Processing by Rails::WelcomeController#index as HTML
  Rendered C:/Ruby/lib/ruby/gems/2.1.0/gems/railties-4.2.1/lib/rails/templates/rails/welcome/index.html.erb (1.9ms)
Completed 200 OK in 23ms (Views: 11.7ms | ActiveRecord: 0.0ms)


Started GET "/posts" for 127.0.0.1 at 2015-03-28 12:55:34 -0500
Processing by PostsController#index as HTML
  [1m[35mPost Load (0.0ms)[0m  SELECT "posts".* FROM "posts"
  Rendered posts/index.html.erb within layouts/application (6.8ms)
Completed 200 OK in 4596ms (Views: 4588.1ms | ActiveRecord: 1.0ms)


Started GET "/assets/comments-64e62ddc273c2f5847f30d698ca14b67.css?body=1" for 127.0.0.1 at 2015-03-28 12:55:39 -0500


Started GET "/assets/posts-64e62ddc273c2f5847f30d698ca14b67.css?body=1" for 127.0.0.1 at 2015-03-28 12:55:39 -0500


Started GET "/assets/scaffolds-795e3698f6f01d367b0e9917c290aeb4.css?body=1" for 127.0.0.1 at 2015-03-28 12:55:39 -0500


Started GET "/assets/application-0466b27550efed53cced4b33502dd681.css?body=1" for 127.0.0.1 at 2015-03-28 12:55:39 -0500


Started GET "/assets/jquery-87424c3c19e96d4fb033c10ebe21ec40.js?body=1" for 127.0.0.1 at 2015-03-28 12:55:39 -0500


Started GET "/assets/turbolinks-5cadf2bbb275e5d225b448dd6ec65060.js?body=1" for 127.0.0.1 at 2015-03-28 12:55:39 -0500


Started GET "/assets/jquery_ujs-e27bd20a10d28155845a22d71ef94f2f.js?body=1" for 127.0.0.1 at 2015-03-28 12:55:39 -0500


Started GET "/assets/comments-fcec5b5a277ac7c20cc9f45a209a3bcd.js?body=1" for 127.0.0.1 at 2015-03-28 12:55:39 -0500


Started GET "/assets/posts-fcec5b5a277ac7c20cc9f45a209a3bcd.js?body=1" for 127.0.0.1 at 2015-03-28 12:55:39 -0500


Started GET "/assets/application-a4d4a1125fb3ae69b3d01411d082464f.js?body=1" for 127.0.0.1 at 2015-03-28 12:55:39 -0500


Started GET "/comments" for 127.0.0.1 at 2015-03-28 12:56:00 -0500
Processing by CommentsController#index as HTML
  [1m[36mComment Load (0.0ms)[0m  [1mSELECT "comments".* FROM "comments"[0m
  Rendered comments/index.html.erb within layouts/application (2.0ms)
Completed 200 OK in 73ms (Views: 65.4ms | ActiveRecord: 1.0ms)


Started GET "/comments/new" for 127.0.0.1 at 2015-03-28 12:56:03 -0500
Processing by CommentsController#new as HTML
  Rendered comments/_form.html.erb (154.8ms)
  Rendered comments/new.html.erb within layouts/application (186.0ms)
Completed 200 OK in 269ms (Views: 269.5ms | ActiveRecord: 0.0ms)


Started POST "/comments" for 127.0.0.1 at 2015-03-28 12:56:13 -0500
Processing by CommentsController#create as HTML
  Parameters: {"utf8"=>"✓", "authenticity_token"=>"3P3inWgT9jL4CpTowupIQV3dJS7M8GAAwazBQFLtNMhpAFgLOpCfp264FVLF37+1Ul4uWJTZZ9vLKJzAq6j++g==", "comment"=>{"post_id"=>"1", "body"=>"LOL NICE"}, "commit"=>"Create Comment"}
  [1m[35m (0.0ms)[0m  begin transaction
  [1m[36mSQL (1.0ms)[0m  [1mINSERT INTO "comments" ("post_id", "body", "created_at", "updated_at") VALUES (?, ?, ?, ?)[0m  [["post_id", 1], ["body", "LOL NICE"], ["created_at", "2015-03-28 17:56:13.826335"], ["updated_at", "2015-03-28 17:56:13.826335"]]
  [1m[35m (65.4ms)[0m  commit transaction
Redirected to http://localhost:3000/comments/1
Completed 302 Found in 73ms (ActiveRecord: 66.4ms)


Started GET "/comments/1" for 127.0.0.1 at 2015-03-28 12:56:13 -0500
Processing by CommentsController#show as HTML
  Parameters: {"id"=>"1"}
  [1m[36mComment Load (0.0ms)[0m  [1mSELECT  "comments".* FROM "comments" WHERE "comments"."id" = ? LIMIT 1[0m  [["id", 1]]
  Rendered comments/show.html.erb within layouts/application (1.0ms)
Completed 200 OK in 73ms (Views: 64.5ms | ActiveRecord: 0.0ms)


Started GET "/comments" for 127.0.0.1 at 2015-03-28 12:56:16 -0500
Processing by CommentsController#index as HTML
  [1m[35mComment Load (0.0ms)[0m  SELECT "comments".* FROM "comments"
  Rendered comments/index.html.erb within layouts/application (2.0ms)
Completed 200 OK in 62ms (Views: 62.0ms | ActiveRecord: 0.0ms)


Started GET "/posts" for 127.0.0.1 at 2015-03-28 12:56:19 -0500
Processing by PostsController#index as HTML
  [1m[36mPost Load (0.0ms)[0m  [1mSELECT "posts".* FROM "posts"[0m
  Rendered posts/index.html.erb within layouts/application (1.0ms)
Completed 200 OK in 62ms (Views: 61.5ms | ActiveRecord: 0.0ms)


Started GET "/posts/1" for 127.0.0.1 at 2015-03-28 12:56:21 -0500
Processing by PostsController#show as HTML
  Parameters: {"id"=>"1"}
  [1m[35mPost Load (0.0ms)[0m  SELECT  "posts".* FROM "posts" WHERE "posts"."id" = ? LIMIT 1  [["id", 1]]
  Rendered posts/show.html.erb within layouts/application (1.0ms)
Completed 200 OK in 70ms (Views: 69.3ms | ActiveRecord: 0.0ms)


Started GET "/posts" for 127.0.0.1 at 2015-03-28 12:56:23 -0500
Processing by PostsController#index as HTML
  [1m[36mPost Load (0.0ms)[0m  [1mSELECT "posts".* FROM "posts"[0m
  Rendered posts/index.html.erb within layouts/application (0.0ms)
Completed 200 OK in 63ms (Views: 62.5ms | ActiveRecord: 0.0ms)


Started GET "/posts" for 127.0.0.1 at 2015-04-01 20:30:14 -0500
  [1m[36mActiveRecord::SchemaMigration Load (0.0ms)[0m  [1mSELECT "schema_migrations".* FROM "schema_migrations"[0m
Processing by PostsController#index as HTML
  [1m[35mPost Load (1.0ms)[0m  SELECT "posts".* FROM "posts"
  Rendered posts/index.html.erb within layouts/application (24.4ms)
Completed 200 OK in 721ms (Views: 654.3ms | ActiveRecord: 2.0ms)


Started GET "/assets/comments-64e62ddc273c2f5847f30d698ca14b67.css?body=1" for 127.0.0.1 at 2015-04-01 20:30:16 -0500


Started GET "/assets/posts-64e62ddc273c2f5847f30d698ca14b67.css?body=1" for 127.0.0.1 at 2015-04-01 20:30:16 -0500


Started GET "/assets/scaffolds-795e3698f6f01d367b0e9917c290aeb4.css?body=1" for 127.0.0.1 at 2015-04-01 20:30:16 -0500


Started GET "/assets/application-0466b27550efed53cced4b33502dd681.css?body=1" for 127.0.0.1 at 2015-04-01 20:30:16 -0500


Started GET "/assets/jquery-87424c3c19e96d4fb033c10ebe21ec40.js?body=1" for 127.0.0.1 at 2015-04-01 20:30:16 -0500


Started GET "/assets/jquery_ujs-e27bd20a10d28155845a22d71ef94f2f.js?body=1" for 127.0.0.1 at 2015-04-01 20:30:16 -0500


Started GET "/assets/posts-fcec5b5a277ac7c20cc9f45a209a3bcd.js?body=1" for 127.0.0.1 at 2015-04-01 20:30:16 -0500


Started GET "/assets/turbolinks-5cadf2bbb275e5d225b448dd6ec65060.js?body=1" for 127.0.0.1 at 2015-04-01 20:30:16 -0500


Started GET "/assets/comments-fcec5b5a277ac7c20cc9f45a209a3bcd.js?body=1" for 127.0.0.1 at 2015-04-01 20:30:16 -0500


Started GET "/assets/application-a4d4a1125fb3ae69b3d01411d082464f.js?body=1" for 127.0.0.1 at 2015-04-01 20:30:16 -0500


Started GET "/posts/1" for 127.0.0.1 at 2015-04-01 20:30:27 -0500
Processing by PostsController#show as HTML
  Parameters: {"id"=>"1"}
  [1m[36mPost Load (0.0ms)[0m  [1mSELECT  "posts".* FROM "posts" WHERE "posts"."id" = ? LIMIT 1[0m  [["id", 1]]
  [1m[35mComment Load (0.0ms)[0m  SELECT "comments".* FROM "comments" WHERE "comments"."post_id" = ?  [["post_id", 1]]
  Rendered posts/show.html.erb within layouts/application (234.4ms)
Completed 200 OK in 350ms (Views: 296.9ms | ActiveRecord: 0.0ms)


Started GET "/posts/1/edit" for 127.0.0.1 at 2015-04-01 20:30:34 -0500
Processing by PostsController#edit as HTML
  Parameters: {"id"=>"1"}
  [1m[36mPost Load (1.0ms)[0m  [1mSELECT  "posts".* FROM "posts" WHERE "posts"."id" = ? LIMIT 1[0m  [["id", 1]]
  Rendered posts/_form.html.erb (125.0ms)
  Rendered posts/edit.html.erb within layouts/application (140.6ms)
Completed 200 OK in 209ms (Views: 207.5ms | ActiveRecord: 1.0ms)


Started GET "/comments" for 127.0.0.1 at 2015-04-01 20:30:43 -0500
Processing by CommentsController#index as HTML
  [1m[35mComment Load (0.0ms)[0m  SELECT "comments".* FROM "comments"
  Rendered comments/index.html.erb within layouts/application (2.0ms)
Completed 200 OK in 164ms (Views: 163.1ms | ActiveRecord: 0.0ms)


Started GET "/comments/1" for 127.0.0.1 at 2015-04-01 20:30:46 -0500
Processing by CommentsController#show as HTML
  Parameters: {"id"=>"1"}
  [1m[36mComment Load (0.0ms)[0m  [1mSELECT  "comments".* FROM "comments" WHERE "comments"."id" = ? LIMIT 1[0m  [["id", 1]]
  Rendered comments/show.html.erb within layouts/application (0.0ms)
Completed 200 OK in 78ms (Views: 78.1ms | ActiveRecord: 0.0ms)


Started GET "/comments" for 127.0.0.1 at 2015-04-01 20:30:47 -0500
Processing by CommentsController#index as HTML
  [1m[35mComment Load (0.0ms)[0m  SELECT "comments".* FROM "comments"
  Rendered comments/index.html.erb within layouts/application (0.0ms)
Completed 200 OK in 62ms (Views: 60.5ms | ActiveRecord: 0.0ms)


Started GET "/posts" for 127.0.0.1 at 2015-04-01 20:30:56 -0500
Processing by PostsController#index as HTML
  [1m[36mPost Load (0.0ms)[0m  [1mSELECT "posts".* FROM "posts"[0m
  Rendered posts/index.html.erb within layouts/application (1.0ms)
Completed 200 OK in 71ms (Views: 70.3ms | ActiveRecord: 0.0ms)


Started GET "/posts/1" for 127.0.0.1 at 2015-04-01 20:33:50 -0500
Processing by PostsController#show as HTML
  Parameters: {"id"=>"1"}
  [1m[35mPost Load (1.0ms)[0m  SELECT  "posts".* FROM "posts" WHERE "posts"."id" = ? LIMIT 1  [["id", 1]]
  [1m[36mComment Load (0.0ms)[0m  [1mSELECT "comments".* FROM "comments" WHERE "comments"."post_id" = ?[0m  [["post_id", 1]]
  Rendered posts/show.html.erb within layouts/application (16.6ms)
Completed 200 OK in 79ms (Views: 78.1ms | ActiveRecord: 1.0ms)


Started POST "/posts/1/comments" for 127.0.0.1 at 2015-04-01 20:34:00 -0500
Processing by CommentsController#create as HTML
  Parameters: {"utf8"=>"✓", "authenticity_token"=>"CmTeMf5x3+mQW+Gx5ofrYZbsnxZYnzzsJjuNxtl+wvm/mWSnrPK2fAbpYAvhshyVmW+UYAC2Ozcsv9BGIDsIyw==", "comment"=>{"body"=>"LOL!"}, "commit"=>"Add Comment", "post_id"=>"1"}
  [1m[35m (0.0ms)[0m  begin transaction
  [1m[36m (0.0ms)[0m  [1mrollback transaction[0m
Completed 500 Internal Server Error in 3ms (ActiveRecord: 0.0ms)

NoMethodError (undefined method `postid' for #<Comment:0x000000064e5a88>):
  app/controllers/comments_controller.rb:30:in `block in create'
  app/controllers/comments_controller.rb:29:in `create'


  Rendered C:/Ruby/lib/ruby/gems/2.1.0/gems/actionpack-4.2.1/lib/action_dispatch/middleware/templates/rescues/_source.erb (1.0ms)
  Rendered C:/Ruby/lib/ruby/gems/2.1.0/gems/actionpack-4.2.1/lib/action_dispatch/middleware/templates/rescues/_trace.html.erb (4.9ms)
  Rendered C:/Ruby/lib/ruby/gems/2.1.0/gems/actionpack-4.2.1/lib/action_dispatch/middleware/templates/rescues/_request_and_response.html.erb (1.0ms)
  Rendered C:/Ruby/lib/ruby/gems/2.1.0/gems/actionpack-4.2.1/lib/action_dispatch/middleware/templates/rescues/diagnostics.html.erb within rescues/layout (176.8ms)
  Rendered C:/Ruby/lib/ruby/gems/2.1.0/gems/web-console-2.1.2/lib/web_console/templates/_markup.html.erb (0.0ms)
  Rendered C:/Ruby/lib/ruby/gems/2.1.0/gems/web-console-2.1.2/lib/web_console/templates/style.css.erb within layouts/inlined_string (1.0ms)
  Rendered C:/Ruby/lib/ruby/gems/2.1.0/gems/web-console-2.1.2/lib/web_console/templates/_inner_console_markup.html.erb within layouts/inlined_string (0.0ms)
  Rendered C:/Ruby/lib/ruby/gems/2.1.0/gems/web-console-2.1.2/lib/web_console/templates/_prompt_box_markup.html.erb within layouts/inlined_string (0.0ms)
  Rendered C:/Ruby/lib/ruby/gems/2.1.0/gems/web-console-2.1.2/lib/web_console/templates/console.js.erb within layouts/javascript (35.2ms)
  Rendered C:/Ruby/lib/ruby/gems/2.1.0/gems/web-console-2.1.2/lib/web_console/templates/main.js.erb within layouts/javascript (0.0ms)
  Rendered C:/Ruby/lib/ruby/gems/2.1.0/gems/web-console-2.1.2/lib/web_console/templates/error_page.js.erb within layouts/javascript (0.0ms)
  Rendered C:/Ruby/lib/ruby/gems/2.1.0/gems/web-console-2.1.2/lib/web_console/templates/index.html.erb (138.7ms)


Started GET "/posts/1" for 127.0.0.1 at 2015-04-01 20:35:25 -0500
Processing by PostsController#show as HTML
  Parameters: {"id"=>"1"}
  [1m[35mPost Load (0.0ms)[0m  SELECT  "posts".* FROM "posts" WHERE "posts"."id" = ? LIMIT 1  [["id", 1]]
  [1m[36mComment Load (0.0ms)[0m  [1mSELECT "comments".* FROM "comments" WHERE "comments"."post_id" = ?[0m  [["post_id", 1]]
  Rendered posts/show.html.erb within layouts/application (12.7ms)
Completed 200 OK in 89ms (Views: 81.1ms | ActiveRecord: 1.0ms)


Started GET "/assets/comments-64e62ddc273c2f5847f30d698ca14b67.css?body=1" for 127.0.0.1 at 2015-04-01 20:35:25 -0500


Started GET "/assets/posts-64e62ddc273c2f5847f30d698ca14b67.css?body=1" for 127.0.0.1 at 2015-04-01 20:35:25 -0500


Started GET "/assets/scaffolds-795e3698f6f01d367b0e9917c290aeb4.css?body=1" for 127.0.0.1 at 2015-04-01 20:35:25 -0500


Started GET "/assets/application-0466b27550efed53cced4b33502dd681.css?body=1" for 127.0.0.1 at 2015-04-01 20:35:25 -0500


Started GET "/assets/comments-fcec5b5a277ac7c20cc9f45a209a3bcd.js?body=1" for 127.0.0.1 at 2015-04-01 20:35:25 -0500


Started GET "/assets/jquery-87424c3c19e96d4fb033c10ebe21ec40.js?body=1" for 127.0.0.1 at 2015-04-01 20:35:25 -0500


Started GET "/assets/posts-fcec5b5a277ac7c20cc9f45a209a3bcd.js?body=1" for 127.0.0.1 at 2015-04-01 20:35:25 -0500


Started GET "/assets/turbolinks-5cadf2bbb275e5d225b448dd6ec65060.js?body=1" for 127.0.0.1 at 2015-04-01 20:35:25 -0500


Started GET "/assets/application-a4d4a1125fb3ae69b3d01411d082464f.js?body=1" for 127.0.0.1 at 2015-04-01 20:35:25 -0500


Started GET "/assets/jquery_ujs-e27bd20a10d28155845a22d71ef94f2f.js?body=1" for 127.0.0.1 at 2015-04-01 20:35:25 -0500


Started POST "/posts/1/comments" for 127.0.0.1 at 2015-04-01 20:35:27 -0500
Processing by CommentsController#create as HTML
  Parameters: {"utf8"=>"✓", "authenticity_token"=>"obrXN4+lzyHeSMQDMQtyIMSA1c1Ax6rxpNOm2hDvYawUR22h3SamtEj6Rbk2PoXUywPeuxjurSquV/ta6aqrng==", "comment"=>{"body"=>"erwerwe"}, "commit"=>"Add Comment", "post_id"=>"1"}
  [1m[35mPost Load (0.0ms)[0m  SELECT  "posts".* FROM "posts" WHERE "posts"."id" = ? LIMIT 1  [["id", 1]]
  [1m[36m (0.0ms)[0m  [1mbegin transaction[0m
  [1m[35m (0.0ms)[0m  rollback transaction
Completed 500 Internal Server Error in 4ms (ActiveRecord: 0.0ms)

NoMethodError (undefined method `postid' for #<Comment:0x000000083c59f8>):
  app/controllers/comments_controller.rb:28:in `create'


  Rendered C:/Ruby/lib/ruby/gems/2.1.0/gems/actionpack-4.2.1/lib/action_dispatch/middleware/templates/rescues/_source.erb (1.0ms)
  Rendered C:/Ruby/lib/ruby/gems/2.1.0/gems/actionpack-4.2.1/lib/action_dispatch/middleware/templates/rescues/_trace.html.erb (3.9ms)
  Rendered C:/Ruby/lib/ruby/gems/2.1.0/gems/actionpack-4.2.1/lib/action_dispatch/middleware/templates/rescues/_request_and_response.html.erb (1.0ms)
  Rendered C:/Ruby/lib/ruby/gems/2.1.0/gems/actionpack-4.2.1/lib/action_dispatch/middleware/templates/rescues/diagnostics.html.erb within rescues/layout (29.3ms)
  Rendered C:/Ruby/lib/ruby/gems/2.1.0/gems/web-console-2.1.2/lib/web_console/templates/_markup.html.erb (0.0ms)
  Rendered C:/Ruby/lib/ruby/gems/2.1.0/gems/web-console-2.1.2/lib/web_console/templates/style.css.erb within layouts/inlined_string (0.0ms)
  Rendered C:/Ruby/lib/ruby/gems/2.1.0/gems/web-console-2.1.2/lib/web_console/templates/_inner_console_markup.html.erb within layouts/inlined_string (1.0ms)
  Rendered C:/Ruby/lib/ruby/gems/2.1.0/gems/web-console-2.1.2/lib/web_console/templates/_prompt_box_markup.html.erb within layouts/inlined_string (0.0ms)
  Rendered C:/Ruby/lib/ruby/gems/2.1.0/gems/web-console-2.1.2/lib/web_console/templates/console.js.erb within layouts/javascript (27.3ms)
  Rendered C:/Ruby/lib/ruby/gems/2.1.0/gems/web-console-2.1.2/lib/web_console/templates/main.js.erb within layouts/javascript (0.0ms)
  Rendered C:/Ruby/lib/ruby/gems/2.1.0/gems/web-console-2.1.2/lib/web_console/templates/error_page.js.erb within layouts/javascript (0.0ms)
  Rendered C:/Ruby/lib/ruby/gems/2.1.0/gems/web-console-2.1.2/lib/web_console/templates/index.html.erb (57.6ms)


Started POST "/posts/1/comments" for 127.0.0.1 at 2015-04-01 20:36:41 -0500
Processing by CommentsController#create as HTML
  Parameters: {"utf8"=>"✓", "authenticity_token"=>"obrXN4+lzyHeSMQDMQtyIMSA1c1Ax6rxpNOm2hDvYawUR22h3SamtEj6Rbk2PoXUywPeuxjurSquV/ta6aqrng==", "comment"=>{"body"=>"erwerwe"}, "commit"=>"Add Comment", "post_id"=>"1"}
  [1m[36mPost Load (1.0ms)[0m  [1mSELECT  "posts".* FROM "posts" WHERE "posts"."id" = ? LIMIT 1[0m  [["id", 1]]
  [1m[35m (0.0ms)[0m  begin transaction
  [1m[36m (0.0ms)[0m  [1mrollback transaction[0m
Completed 500 Internal Server Error in 4ms (ActiveRecord: 1.0ms)

NoMethodError (undefined method `postid' for #<Comment:0x00000007347900>):
  app/controllers/comments_controller.rb:28:in `create'


  Rendered C:/Ruby/lib/ruby/gems/2.1.0/gems/actionpack-4.2.1/lib/action_dispatch/middleware/templates/rescues/_source.erb (1.0ms)
  Rendered C:/Ruby/lib/ruby/gems/2.1.0/gems/actionpack-4.2.1/lib/action_dispatch/middleware/templates/rescues/_trace.html.erb (4.9ms)
  Rendered C:/Ruby/lib/ruby/gems/2.1.0/gems/actionpack-4.2.1/lib/action_dispatch/middleware/templates/rescues/_request_and_response.html.erb (1.0ms)
  Rendered C:/Ruby/lib/ruby/gems/2.1.0/gems/actionpack-4.2.1/lib/action_dispatch/middleware/templates/rescues/diagnostics.html.erb within rescues/layout (29.3ms)
  Rendered C:/Ruby/lib/ruby/gems/2.1.0/gems/web-console-2.1.2/lib/web_console/templates/_markup.html.erb (0.0ms)
  Rendered C:/Ruby/lib/ruby/gems/2.1.0/gems/web-console-2.1.2/lib/web_console/templates/style.css.erb within layouts/inlined_string (0.0ms)
  Rendered C:/Ruby/lib/ruby/gems/2.1.0/gems/web-console-2.1.2/lib/web_console/templates/_inner_console_markup.html.erb within layouts/inlined_string (0.0ms)
  Rendered C:/Ruby/lib/ruby/gems/2.1.0/gems/web-console-2.1.2/lib/web_console/templates/_prompt_box_markup.html.erb within layouts/inlined_string (1.0ms)
  Rendered C:/Ruby/lib/ruby/gems/2.1.0/gems/web-console-2.1.2/lib/web_console/templates/console.js.erb within layouts/javascript (25.4ms)
  Rendered C:/Ruby/lib/ruby/gems/2.1.0/gems/web-console-2.1.2/lib/web_console/templates/main.js.erb within layouts/javascript (1.0ms)
  Rendered C:/Ruby/lib/ruby/gems/2.1.0/gems/web-console-2.1.2/lib/web_console/templates/error_page.js.erb within layouts/javascript (1.0ms)
  Rendered C:/Ruby/lib/ruby/gems/2.1.0/gems/web-console-2.1.2/lib/web_console/templates/index.html.erb (55.7ms)


Started POST "/posts/1/comments" for 127.0.0.1 at 2015-04-01 20:37:18 -0500
Processing by CommentsController#create as HTML
  Parameters: {"utf8"=>"✓", "authenticity_token"=>"obrXN4+lzyHeSMQDMQtyIMSA1c1Ax6rxpNOm2hDvYawUR22h3SamtEj6Rbk2PoXUywPeuxjurSquV/ta6aqrng==", "comment"=>{"body"=>"erwerwe"}, "commit"=>"Add Comment", "post_id"=>"1"}
  [1m[35mPost Load (1.0ms)[0m  SELECT  "posts".* FROM "posts" WHERE "posts"."id" = ? LIMIT 1  [["id", 1]]
  [1m[36m (0.0ms)[0m  [1mbegin transaction[0m
  [1m[35m (1.0ms)[0m  rollback transaction
Completed 500 Internal Server Error in 19ms (ActiveRecord: 2.9ms)

NoMethodError (undefined method `postid' for #<Comment:0x00000004e48208>):
  app/controllers/comments_controller.rb:28:in `create'


  Rendered C:/Ruby/lib/ruby/gems/2.1.0/gems/actionpack-4.2.1/lib/action_dispatch/middleware/templates/rescues/_source.erb (6.8ms)
  Rendered C:/Ruby/lib/ruby/gems/2.1.0/gems/actionpack-4.2.1/lib/action_dispatch/middleware/templates/rescues/_trace.html.erb (4.9ms)
  Rendered C:/Ruby/lib/ruby/gems/2.1.0/gems/actionpack-4.2.1/lib/action_dispatch/middleware/templates/rescues/_request_and_response.html.erb (1.0ms)
  Rendered C:/Ruby/lib/ruby/gems/2.1.0/gems/actionpack-4.2.1/lib/action_dispatch/middleware/templates/rescues/diagnostics.html.erb within rescues/layout (34.2ms)
  Rendered C:/Ruby/lib/ruby/gems/2.1.0/gems/web-console-2.1.2/lib/web_console/templates/_markup.html.erb (1.0ms)
  Rendered C:/Ruby/lib/ruby/gems/2.1.0/gems/web-console-2.1.2/lib/web_console/templates/style.css.erb within layouts/inlined_string (0.0ms)
  Rendered C:/Ruby/lib/ruby/gems/2.1.0/gems/web-console-2.1.2/lib/web_console/templates/_inner_console_markup.html.erb within layouts/inlined_string (0.0ms)
  Rendered C:/Ruby/lib/ruby/gems/2.1.0/gems/web-console-2.1.2/lib/web_console/templates/_prompt_box_markup.html.erb within layouts/inlined_string (0.0ms)
  Rendered C:/Ruby/lib/ruby/gems/2.1.0/gems/web-console-2.1.2/lib/web_console/templates/console.js.erb within layouts/javascript (25.4ms)
  Rendered C:/Ruby/lib/ruby/gems/2.1.0/gems/web-console-2.1.2/lib/web_console/templates/main.js.erb within layouts/javascript (0.0ms)
  Rendered C:/Ruby/lib/ruby/gems/2.1.0/gems/web-console-2.1.2/lib/web_console/templates/error_page.js.erb within layouts/javascript (1.0ms)
  Rendered C:/Ruby/lib/ruby/gems/2.1.0/gems/web-console-2.1.2/lib/web_console/templates/index.html.erb (54.7ms)


Started GET "/comments" for 127.0.0.1 at 2015-04-01 20:37:38 -0500
Processing by CommentsController#index as HTML
  [1m[36mComment Load (1.0ms)[0m  [1mSELECT "comments".* FROM "comments"[0m
  Rendered comments/index.html.erb within layouts/application (2.0ms)
Completed 200 OK in 63ms (Views: 61.5ms | ActiveRecord: 1.0ms)


Started GET "/assets/comments-64e62ddc273c2f5847f30d698ca14b67.css?body=1" for 127.0.0.1 at 2015-04-01 20:37:38 -0500


Started GET "/assets/posts-64e62ddc273c2f5847f30d698ca14b67.css?body=1" for 127.0.0.1 at 2015-04-01 20:37:38 -0500


Started GET "/assets/turbolinks-5cadf2bbb275e5d225b448dd6ec65060.js?body=1" for 127.0.0.1 at 2015-04-01 20:37:38 -0500


Started GET "/assets/comments-fcec5b5a277ac7c20cc9f45a209a3bcd.js?body=1" for 127.0.0.1 at 2015-04-01 20:37:38 -0500


Started GET "/assets/scaffolds-795e3698f6f01d367b0e9917c290aeb4.css?body=1" for 127.0.0.1 at 2015-04-01 20:37:38 -0500


Started GET "/assets/posts-fcec5b5a277ac7c20cc9f45a209a3bcd.js?body=1" for 127.0.0.1 at 2015-04-01 20:37:38 -0500


Started GET "/assets/application-0466b27550efed53cced4b33502dd681.css?body=1" for 127.0.0.1 at 2015-04-01 20:37:38 -0500


Started GET "/assets/application-a4d4a1125fb3ae69b3d01411d082464f.js?body=1" for 127.0.0.1 at 2015-04-01 20:37:38 -0500


Started GET "/assets/jquery-87424c3c19e96d4fb033c10ebe21ec40.js?body=1" for 127.0.0.1 at 2015-04-01 20:37:38 -0500


Started GET "/assets/jquery_ujs-e27bd20a10d28155845a22d71ef94f2f.js?body=1" for 127.0.0.1 at 2015-04-01 20:37:38 -0500


Started GET "/comments/new" for 127.0.0.1 at 2015-04-01 20:37:40 -0500
Processing by CommentsController#new as HTML
  Rendered comments/_form.html.erb (0.0ms)
  Rendered comments/new.html.erb within layouts/application (62.5ms)
Completed 200 OK in 156ms (Views: 156.3ms | ActiveRecord: 0.0ms)


Started POST "/comments" for 127.0.0.1 at 2015-04-01 20:37:47 -0500
Processing by CommentsController#create as HTML
  Parameters: {"utf8"=>"✓", "authenticity_token"=>"GVcCWwSGK/quAu4F9zyp6/cSz6WK50YJCHrtwqQDTSOsqrjNVgVCbziwb7/wCV4f+JHE09LOQdIC/rBCXUaHEQ==", "comment"=>{"post_id"=>"1", "body"=>"TESTEEEE"}, "commit"=>"Create Comment"}
  [1m[35mPost Load (0.0ms)[0m  SELECT  "posts".* FROM "posts" WHERE "posts"."id" = ? LIMIT 1  [["id", nil]]
Completed 404 Not Found in 1ms (ActiveRecord: 0.0ms)

ActiveRecord::RecordNotFound (Couldn't find Post with 'id'=):
  app/controllers/comments_controller.rb:27:in `create'


  Rendered C:/Ruby/lib/ruby/gems/2.1.0/gems/actionpack-4.2.1/lib/action_dispatch/middleware/templates/rescues/_source.erb (0.0ms)
  Rendered C:/Ruby/lib/ruby/gems/2.1.0/gems/actionpack-4.2.1/lib/action_dispatch/middleware/templates/rescues/_trace.html.erb (3.9ms)
  Rendered C:/Ruby/lib/ruby/gems/2.1.0/gems/actionpack-4.2.1/lib/action_dispatch/middleware/templates/rescues/_request_and_response.html.erb (1.0ms)
  Rendered C:/Ruby/lib/ruby/gems/2.1.0/gems/actionpack-4.2.1/lib/action_dispatch/middleware/templates/rescues/diagnostics.html.erb within rescues/layout (26.4ms)
  Rendered C:/Ruby/lib/ruby/gems/2.1.0/gems/web-console-2.1.2/lib/web_console/templates/_markup.html.erb (1.0ms)
  Rendered C:/Ruby/lib/ruby/gems/2.1.0/gems/web-console-2.1.2/lib/web_console/templates/style.css.erb within layouts/inlined_string (0.0ms)
  Rendered C:/Ruby/lib/ruby/gems/2.1.0/gems/web-console-2.1.2/lib/web_console/templates/_inner_console_markup.html.erb within layouts/inlined_string (0.0ms)
  Rendered C:/Ruby/lib/ruby/gems/2.1.0/gems/web-console-2.1.2/lib/web_console/templates/_prompt_box_markup.html.erb within layouts/inlined_string (1.0ms)
  Rendered C:/Ruby/lib/ruby/gems/2.1.0/gems/web-console-2.1.2/lib/web_console/templates/console.js.erb within layouts/javascript (25.4ms)
  Rendered C:/Ruby/lib/ruby/gems/2.1.0/gems/web-console-2.1.2/lib/web_console/templates/main.js.erb within layouts/javascript (1.0ms)
  Rendered C:/Ruby/lib/ruby/gems/2.1.0/gems/web-console-2.1.2/lib/web_console/templates/error_page.js.erb within layouts/javascript (0.0ms)
  Rendered C:/Ruby/lib/ruby/gems/2.1.0/gems/web-console-2.1.2/lib/web_console/templates/index.html.erb (55.7ms)


Started GET "/comments" for 127.0.0.1 at 2015-04-01 20:38:05 -0500
Processing by CommentsController#index as HTML
  [1m[36mComment Load (1.0ms)[0m  [1mSELECT "comments".* FROM "comments"[0m
  Rendered comments/index.html.erb within layouts/application (2.0ms)
Completed 200 OK in 63ms (Views: 61.0ms | ActiveRecord: 1.0ms)


Started GET "/comments/1" for 127.0.0.1 at 2015-04-01 20:38:07 -0500
Processing by CommentsController#show as HTML
  Parameters: {"id"=>"1"}
  [1m[35mComment Load (0.0ms)[0m  SELECT  "comments".* FROM "comments" WHERE "comments"."id" = ? LIMIT 1  [["id", 1]]
  Rendered comments/show.html.erb within layouts/application (1.0ms)
Completed 200 OK in 53ms (Views: 51.3ms | ActiveRecord: 0.0ms)


Started GET "/posts" for 127.0.0.1 at 2015-04-01 20:38:10 -0500
Processing by PostsController#index as HTML
  [1m[36mPost Load (0.0ms)[0m  [1mSELECT "posts".* FROM "posts"[0m
  Rendered posts/index.html.erb within layouts/application (2.9ms)
Completed 200 OK in 48ms (Views: 48.3ms | ActiveRecord: 0.0ms)


Started GET "/posts/1" for 127.0.0.1 at 2015-04-01 20:38:11 -0500
Processing by PostsController#show as HTML
  Parameters: {"id"=>"1"}
  [1m[35mPost Load (0.0ms)[0m  SELECT  "posts".* FROM "posts" WHERE "posts"."id" = ? LIMIT 1  [["id", 1]]
  [1m[36mComment Load (0.0ms)[0m  [1mSELECT "comments".* FROM "comments" WHERE "comments"."post_id" = ?[0m  [["post_id", 1]]
  Rendered posts/show.html.erb within layouts/application (2.4ms)
Completed 200 OK in 68ms (Views: 66.9ms | ActiveRecord: 0.0ms)
